==10127== Memcheck, a memory error detector
==10127== Copyright (C) 2002-2022, and GNU GPL'd, by Julian Seward et al.
==10127== Using Valgrind-3.22.0-bd4db67b1d-20231031 and LibVEX; rerun with -h for copyright info
==10127== Command: ./tp Hayley_Williams
==10127== Parent PID: 6955
==10127== 
--10127-- 
--10127-- Valgrind options:
--10127--    --leak-check=full
--10127--    --show-leak-kinds=all
--10127--    --track-origins=yes
--10127--    --verbose
--10127--    --log-file=calligari.log
--10127-- Contents of /proc/version:
--10127--   Linux version 6.7.2-arch1-2 (linux@archlinux) (gcc (GCC) 13.2.1 20230801, GNU ld (GNU Binutils) 2.42.0) #1 SMP PREEMPT_DYNAMIC Wed, 31 Jan 2024 09:22:15 +0000
--10127-- 
--10127-- Arch and hwcaps: AMD64, LittleEndian, amd64-cx16-lzcnt-rdtscp-sse3-ssse3-avx-avx2-bmi-f16c-rdrand-rdseed
--10127-- Page sizes: currently 4096, max supported 4096
--10127-- Valgrind library directory: /usr/lib/valgrind
--10127-- Reading syms from /home/santiago/Documentos/ProgII/tp
--10127-- Reading syms from /usr/lib/ld-linux-x86-64.so.2
==10127== Downloading debug info for /usr/lib/ld-linux-x86-64.so.2...
--10127--   Considering /home/santiago/.cache/debuginfod_client/9e3efada0c5a9fde834899c54ccdb8b2fce628e4/debuginfo ..
--10127--   .. CRC is valid
==10127== Successfully downloaded debug file for /usr/lib/ld-linux-x86-64.so.2
--10127-- Reading syms from /usr/lib/valgrind/memcheck-amd64-linux
--10127--    object doesn't have a dynamic symbol table
--10127-- Scheduler: using generic scheduler lock implementation.
--10127-- Reading suppressions file: /usr/lib/valgrind/default.supp
==10127== embedded gdbserver: reading from /tmp/vgdb-pipe-from-vgdb-to-10127-by-santiago-on-???
==10127== embedded gdbserver: writing to   /tmp/vgdb-pipe-to-vgdb-from-10127-by-santiago-on-???
==10127== embedded gdbserver: shared mem   /tmp/vgdb-pipe-shared-mem-vgdb-10127-by-santiago-on-???
==10127== 
==10127== TO CONTROL THIS PROCESS USING vgdb (which you probably
==10127== don't want to do, unless you know exactly what you're doing,
==10127== or are doing some strange experiment):
==10127==   /usr/lib/valgrind/../../bin/vgdb --pid=10127 ...command...
==10127== 
==10127== TO DEBUG THIS PROCESS USING GDB: start GDB like this
==10127==   /path/to/gdb ./tp
==10127== and then give GDB the following command
==10127==   target remote | /usr/lib/valgrind/../../bin/vgdb --pid=10127
==10127== --pid is optional if only one valgrind process is running
==10127== 
==10127== Downloading debug info for /usr/lib/valgrind/memcheck-amd64-linux...
--10127--   Considering /home/santiago/.cache/debuginfod_client/5bc1feafb87e5d03a86e68ecf2b699958eef9e21/debuginfo ..
--10127--   .. CRC is valid
==10127== Successfully downloaded debug file for /usr/lib/valgrind/memcheck-amd64-linux
--10127-- REDIR: 0x4024be0 (ld-linux-x86-64.so.2:strlen) redirected to 0x580c0702 (vgPlain_amd64_linux_REDIR_FOR_strlen)
--10127-- REDIR: 0x4023390 (ld-linux-x86-64.so.2:index) redirected to 0x580c071c (vgPlain_amd64_linux_REDIR_FOR_index)
--10127-- Reading syms from /usr/lib/valgrind/vgpreload_core-amd64-linux.so
--10127-- Reading syms from /usr/lib/valgrind/vgpreload_memcheck-amd64-linux.so
==10127== WARNING: new redirection conflicts with existing -- ignoring it
--10127--     old: 0x04024be0 (strlen              ) R-> (0000.0) 0x580c0702 vgPlain_amd64_linux_REDIR_FOR_strlen
==10127== Downloading debug info for /usr/lib/valgrind/vgpreload_memcheck-amd64-linux.so...
--10127--   Considering /home/santiago/.cache/debuginfod_client/1b2195c1ba1450f0d617326fb0f82a2d8d0f9d61/debuginfo ..
--10127--   .. CRC is valid
==10127== Successfully downloaded debug file for /usr/lib/valgrind/vgpreload_memcheck-amd64-linux.so
--10127--     new: 0x04024be0 (strlen              ) R-> (2007.0) 0x0484c340 strlen
--10127-- REDIR: 0x40235c0 (ld-linux-x86-64.so.2:strcmp) redirected to 0x484d460 (strcmp)
--10127-- REDIR: 0x40229f0 (ld-linux-x86-64.so.2:mempcpy) redirected to 0x4850cd0 (mempcpy)
--10127-- Reading syms from /usr/lib/libc.so.6
==10127== Downloading debug info for /usr/lib/libc.so.6...
--10127--   Considering /home/santiago/.cache/debuginfod_client/c0caa0b7709d3369ee575fcd7d7d0b0fc48733af/debuginfo ..
--10127--   .. CRC is valid
==10127== Successfully downloaded debug file for /usr/lib/libc.so.6
--10127-- REDIR: 0x4024d80 (ld-linux-x86-64.so.2:strncmp) redirected to 0x484cc90 (strncmp)
==10127== Downloading debug info for /usr/lib/valgrind/vgpreload_core-amd64-linux.so...
--10127--   Considering /home/santiago/.cache/debuginfod_client/14b8886a703576b6cf54cab3005627af98920cee/debuginfo ..
--10127--   .. CRC is valid
==10127== Successfully downloaded debug file for /usr/lib/valgrind/vgpreload_core-amd64-linux.so
--10127-- REDIR: 0x493d940 (libc.so.6:strncasecmp) redirected to 0x48381c0 (_vgnU_ifunc_wrapper)
--10127-- REDIR: 0x493acf0 (libc.so.6:mempcpy) redirected to 0x48381c0 (_vgnU_ifunc_wrapper)
--10127-- REDIR: 0x493b050 (libc.so.6:stpcpy) redirected to 0x48381c0 (_vgnU_ifunc_wrapper)
--10127-- REDIR: 0x49b0020 (libc.so.6:__memmove_chk) redirected to 0x48381c0 (_vgnU_ifunc_wrapper)
--10127-- REDIR: 0x495e280 (libc.so.6:wmemcmp) redirected to 0x48381c0 (_vgnU_ifunc_wrapper)
--10127-- REDIR: 0x493bba0 (libc.so.6:strcat) redirected to 0x48381c0 (_vgnU_ifunc_wrapper)
--10127-- REDIR: 0x493a480 (libc.so.6:memcpy@@GLIBC_2.14) redirected to 0x48381c0 (_vgnU_ifunc_wrapper)
--10127-- REDIR: 0x4952d60 (libc.so.6:wcsncpy) redirected to 0x48381c0 (_vgnU_ifunc_wrapper)
--10127-- REDIR: 0x49aff00 (libc.so.6:__memcpy_chk) redirected to 0x48381c0 (_vgnU_ifunc_wrapper)
==10127== WARNING: new redirection conflicts with existing -- ignoring it
--10127--     old: 0x049f2250 (__memcpy_chk_avx_una) R-> (2024.0) 0x04850740 __memmove_chk
--10127--     new: 0x049f2250 (__memcpy_chk_avx_una) R-> (2030.0) 0x04850dd0 __memcpy_chk
--10127-- REDIR: 0x4952540 (libc.so.6:wcslen) redirected to 0x48381c0 (_vgnU_ifunc_wrapper)
--10127-- REDIR: 0x493aea0 (libc.so.6:memset) redirected to 0x48381c0 (_vgnU_ifunc_wrapper)
--10127-- REDIR: 0x4952dc0 (libc.so.6:wcsnlen) redirected to 0x48381c0 (_vgnU_ifunc_wrapper)
--10127-- REDIR: 0x493dc30 (libc.so.6:strnlen) redirected to 0x48381c0 (_vgnU_ifunc_wrapper)
--10127-- REDIR: 0x493dcc0 (libc.so.6:strpbrk) redirected to 0x48381c0 (_vgnU_ifunc_wrapper)
--10127-- REDIR: 0x493bd20 (libc.so.6:strcmp) redirected to 0x48381c0 (_vgnU_ifunc_wrapper)
--10127-- REDIR: 0x493ae10 (libc.so.6:memrchr) redirected to 0x48381c0 (_vgnU_ifunc_wrapper)
--10127-- REDIR: 0x4951300 (libc.so.6:wcschr) redirected to 0x48381c0 (_vgnU_ifunc_wrapper)
--10127-- REDIR: 0x493bc10 (libc.so.6:index) redirected to 0x48381c0 (_vgnU_ifunc_wrapper)
--10127-- REDIR: 0x493dcf0 (libc.so.6:rindex) redirected to 0x48381c0 (_vgnU_ifunc_wrapper)
--10127-- REDIR: 0x49513b0 (libc.so.6:wcscmp) redirected to 0x48381c0 (_vgnU_ifunc_wrapper)
--10127-- REDIR: 0x493b0c0 (libc.so.6:stpncpy) redirected to 0x48381c0 (_vgnU_ifunc_wrapper)
--10127-- REDIR: 0x495e200 (libc.so.6:wmemchr) redirected to 0x48381c0 (_vgnU_ifunc_wrapper)
--10127-- REDIR: 0x493dae0 (libc.so.6:strncmp) redirected to 0x48381c0 (_vgnU_ifunc_wrapper)
--10127-- REDIR: 0x493b120 (libc.so.6:strcasecmp) redirected to 0x48381c0 (_vgnU_ifunc_wrapper)
--10127-- REDIR: 0x493cec0 (libc.so.6:strcspn) redirected to 0x48381c0 (_vgnU_ifunc_wrapper)
--10127-- REDIR: 0x4952330 (libc.so.6:wcscpy) redirected to 0x48381c0 (_vgnU_ifunc_wrapper)
--10127-- REDIR: 0x493d9e0 (libc.so.6:strncasecmp_l) redirected to 0x48381c0 (_vgnU_ifunc_wrapper)
--10127-- REDIR: 0x493bc90 (libc.so.6:strchrnul) redirected to 0x48381c0 (_vgnU_ifunc_wrapper)
--10127-- REDIR: 0x493a390 (libc.so.6:bcmp) redirected to 0x48381c0 (_vgnU_ifunc_wrapper)
--10127-- REDIR: 0x493ce50 (libc.so.6:strcpy) redirected to 0x48381c0 (_vgnU_ifunc_wrapper)
--10127-- REDIR: 0x493b1c0 (libc.so.6:strcasecmp_l) redirected to 0x48381c0 (_vgnU_ifunc_wrapper)
--10127-- REDIR: 0x493d8b0 (libc.so.6:strlen) redirected to 0x48381c0 (_vgnU_ifunc_wrapper)
--10127-- REDIR: 0x493db80 (libc.so.6:strncpy) redirected to 0x48381c0 (_vgnU_ifunc_wrapper)
--10127-- REDIR: 0x493abd0 (libc.so.6:memmove) redirected to 0x48381c0 (_vgnU_ifunc_wrapper)
==10127== Preferring higher priority redirection:
--10127--     old: 0x049f2280 (__memcpy_avx_unalign) R-> (2018.0) 0x0484e580 __memcpy_avx_unaligned_erms
--10127--     new: 0x049f2280 (__memcpy_avx_unalign) R-> (2018.1) 0x0484fd60 memmove
--10127-- REDIR: 0x493a310 (libc.so.6:memchr) redirected to 0x48381c0 (_vgnU_ifunc_wrapper)
--10127-- REDIR: 0x493deb0 (libc.so.6:strspn) redirected to 0x48381c0 (_vgnU_ifunc_wrapper)
--10127-- REDIR: 0x49f6e70 (libc.so.6:__strrchr_avx2) redirected to 0x484bd20 (rindex)
--10127-- REDIR: 0x49f4620 (libc.so.6:__strchrnul_avx2) redirected to 0x48507b0 (strchrnul)
--10127-- REDIR: 0x49f2280 (libc.so.6:__memcpy_avx_unaligned_erms) redirected to 0x484fd60 (memmove)
--10127-- REDIR: 0x49f4fc0 (libc.so.6:__strlen_avx2) redirected to 0x484c220 (strlen)
--10127-- REDIR: 0x4936750 (libc.so.6:malloc) redirected to 0x48437b0 (malloc)
==10127== Downloading debug info for /home/santiago/Documentos/ProgII/tp...
==10127== Server query failed: No such file or directory
--10127-- REDIR: 0x49f2240 (libc.so.6:__mempcpy_avx_unaligned_erms) redirected to 0x48508d0 (mempcpy)
--10127-- REDIR: 0x49f43e0 (libc.so.6:__strchr_avx2) redirected to 0x484bf00 (index)
--10127-- REDIR: 0x4936e20 (libc.so.6:free) redirected to 0x4846820 (free)
--10127-- REDIR: 0x49f1880 (libc.so.6:__memchr_avx2) redirected to 0x484d4e0 (memchr)
--10127-- REDIR: 0x49f40d0 (libc.so.6:__strcat_avx2) redirected to 0x484bf30 (strcat)
--10127-- REDIR: 0x493da80 (libc.so.6:strncat) redirected to 0x48381c0 (_vgnU_ifunc_wrapper)
--10127-- REDIR: 0x49f5c80 (libc.so.6:__strncat_avx2) redirected to 0x484c0d0 (strncat)
==10127== Conditional jump or move depends on uninitialised value(s)
==10127==    at 0x10943B: normalizar_cadena (in /home/santiago/Documentos/ProgII/tp)
==10127==    by 0x10966D: normalizar_archivo (in /home/santiago/Documentos/ProgII/tp)
==10127==    by 0x109858: crear_entrada_autor (in /home/santiago/Documentos/ProgII/tp)
==10127==    by 0x1092E7: main (in /home/santiago/Documentos/ProgII/tp)
==10127==  Uninitialised value was created by a stack allocation
==10127==    at 0x1094C2: normalizar_archivo (in /home/santiago/Documentos/ProgII/tp)
==10127== 
==10127== 
==10127== HEAP SUMMARY:
==10127==     in use at exit: 0 bytes in 0 blocks
==10127==   total heap usage: 52 allocs, 52 frees, 115,696 bytes allocated
==10127== 
==10127== All heap blocks were freed -- no leaks are possible
==10127== 
==10127== ERROR SUMMARY: 71 errors from 1 contexts (suppressed: 0 from 0)
==10127== 
==10127== 71 errors in context 1 of 1:
==10127== Conditional jump or move depends on uninitialised value(s)
==10127==    at 0x10943B: normalizar_cadena (in /home/santiago/Documentos/ProgII/tp)
==10127==    by 0x10966D: normalizar_archivo (in /home/santiago/Documentos/ProgII/tp)
==10127==    by 0x109858: crear_entrada_autor (in /home/santiago/Documentos/ProgII/tp)
==10127==    by 0x1092E7: main (in /home/santiago/Documentos/ProgII/tp)
==10127==  Uninitialised value was created by a stack allocation
==10127==    at 0x1094C2: normalizar_archivo (in /home/santiago/Documentos/ProgII/tp)
==10127== 
==10127== ERROR SUMMARY: 71 errors from 1 contexts (suppressed: 0 from 0)
